{
  "RSpec": {
    "coverage": {
      "/Users/naomibid/gitDir/tech_tests/bank_tech_test/spec/account_spec.rb": [
        1,
        null,
        1,
        1,
        1,
        null,
        null,
        1,
        1,
        3,
        6,
        null,
        null,
        1,
        1,
        1,
        null,
        null,
        1,
        1,
        1,
        1,
        null,
        null,
        1,
        1,
        1,
        1,
        null,
        null,
        null
      ],
      "/Users/naomibid/gitDir/tech_tests/bank_tech_test/lib/account.rb": [
        1,
        1,
        null,
        1,
        1,
        null,
        1,
        6,
        6,
        null,
        null,
        1,
        1,
        1,
        1,
        null,
        null,
        null,
        null,
        1,
        4,
        4,
        4,
        null,
        null,
        null,
        null
      ],
      "/Users/naomibid/gitDir/tech_tests/bank_tech_test/lib/transaction.rb": [
        1,
        null,
        1,
        1,
        null,
        1,
        5,
        5,
        null,
        null
      ],
      "/Users/naomibid/gitDir/tech_tests/bank_tech_test/lib/statement.rb": [
        1,
        1,
        null,
        1,
        6,
        null,
        null,
        1,
        1,
        1,
        1,
        null,
        null,
        null
      ],
      "/Users/naomibid/gitDir/tech_tests/bank_tech_test/spec/statement_spec.rb": [
        1,
        null,
        1,
        1,
        1,
        1,
        2,
        null,
        null,
        1,
        1,
        1,
        1,
        null,
        null,
        null,
        null,
        null,
        1,
        1,
        1,
        2,
        null,
        null,
        1,
        1,
        1,
        1,
        null,
        null,
        null,
        null,
        null
      ],
      "/Users/naomibid/gitDir/tech_tests/bank_tech_test/spec/transaction_spec.rb": [
        1,
        null,
        1,
        null
      ]
    },
    "timestamp": 1544035530
  }
}
